This file contains any messages produced by compilers while
running configure, to aid debugging if configure makes a mistake.

It was created by MP4v2 configure -r, which was
generated by GNU Autoconf 2.69.  Invocation command line was

  $ ./configure CXX=arm-hisiv500-linux-g++ CC=arm-hisiv500-linux-gcc --host=arm-hisiv500-linux --prefix=/home/hdx/TSPUB/libs/thirdlib/source/mp4v2-2.1.0/_install --disable-debug --disable-optimize --disable-fvisibility --disable-gch --disable-largefile --disable-util --disable-dependency-tracking --disable-libtool-lock

## --------- ##
## Platform. ##
## --------- ##

hostname = ubuntu
uname -m = x86_64
uname -r = 4.4.0-87-generic
uname -s = Linux
uname -v = #110-Ubuntu SMP Tue Jul 18 12:55:35 UTC 2017

/usr/bin/uname -p = unknown
/bin/uname -X     = unknown

/bin/arch              = unknown
/usr/bin/arch -k       = unknown
/usr/convex/getsysinfo = unknown
/usr/bin/hostinfo      = unknown
/bin/machine           = unknown
/usr/bin/oslevel       = unknown
/bin/universe          = unknown

PATH: /home/hdx/bin
PATH: /home/hdx/.local/bin
PATH: /opt/hisi-linux/x86-arm/arm-hisiv500-linux/target/bin
PATH: /opt/hisi-linux/x86-arm/arm-himix100-linux/bin
PATH: /usr/local/sbin
PATH: /usr/local/bin
PATH: /usr/sbin
PATH: /usr/bin
PATH: /sbin
PATH: /bin
PATH: /usr/games
PATH: /usr/local/games


## ----------- ##
## Core tests. ##
## ----------- ##

configure:2440:
  -->
  --> Configuring MP4v2 -r
  -->
configure:2491: checking for a BSD-compatible install
configure:2559: result: /usr/bin/install -c
configure:2570: checking whether build environment is sane
configure:2620: result: yes
configure:2669: checking for arm-hisiv500-linux-strip
configure:2685: found /opt/hisi-linux/x86-arm/arm-hisiv500-linux/target/bin/arm-hisiv500-linux-strip
configure:2696: result: arm-hisiv500-linux-strip
configure:2761: checking for a thread-safe mkdir -p
configure:2800: result: /bin/mkdir -p
configure:2813: checking for gawk
configure:2843: result: no
configure:2813: checking for mawk
configure:2829: found /usr/bin/mawk
configure:2840: result: mawk
configure:2851: checking whether make sets $(MAKE)
configure:2873: result: yes
configure:2965: checking build system type
configure:2979: result: x86_64-unknown-linux-gnu
configure:2999: checking host system type
configure:3012: result: arm-hisiv500-linux-gnu
configure:3208: checking for C++ compiler version
configure:3217: arm-hisiv500-linux-g++ --version >&5
arm-hisiv500-linux-g++ (Hisilicon_v500_20170427) 4.9.4 20150629 (prerelease)
Copyright (C) 2015 Free Software Foundation, Inc.
This is free software; see the source for copying conditions.  There is NO
warranty; not even for MERCHANTABILITY or FITNESS FOR A PARTICULAR PURPOSE.

configure:3228: $? = 0
configure:3217: arm-hisiv500-linux-g++ -v >&5
Using built-in specs.
COLLECT_GCC=arm-hisiv500-linux-g++
COLLECT_LTO_WRAPPER=/opt/hisi-linux/x86-arm/arm-hisiv500-linux/bin/../libexec/gcc/arm-hisiv500-linux-uclibcgnueabi/4.9.4/lto-wrapper
Target: arm-hisiv500-linux-uclibcgnueabi
Configured with: ../gcc-linaro-4.9-2015.06/configure --host=x86_64-linux-gnu --build=x86_64-linux-gnu --target=arm-hisiv500-linux-uclibcgnueabi --prefix=/home/sying/toolchain_ljhui/gcc4_9/build-toolchain/gcc-uclibc/install/arm-hisiv500-linux --enable-threads --disable-libmudflap --disable-libssp --disable-libstdcxx-pch --with-arch=armv5te --with-gnu-as --with-gnu-ld --enable-languages=c,c++ --enable-shared --enable-lto --enable-symvers=gnu --enable-__cxa_atexit --enable-nls --enable-clocale=gnu --enable-extra-hisi-multilibs --with-sysroot=/home/sying/toolchain_ljhui/gcc4_9/build-toolchain/gcc-uclibc/install/arm-hisiv500-linux/target --with-build-sysroot=/home/sying/toolchain_ljhui/gcc4_9/build-toolchain/gcc-uclibc/install/arm-hisiv500-linux/target --with-gmp=/home/sying/toolchain_ljhui/gcc4_9/build-toolchain/gcc-uclibc/install/host_lib --with-mpfr=/home/sying/toolchain_ljhui/gcc4_9/build-toolchain/gcc-uclibc/install/host_lib --with-mpc=/home/sying/toolchain_ljhui/gcc4_9/build-toolchain/gcc-uclibc/install/host_lib --with-ppl=/home/sying/toolchain_ljhui/gcc4_9/build-toolchain/gcc-uclibc/install/host_lib --with-cloog=/home/sying/toolchain_ljhui/gcc4_9/build-toolchain/gcc-uclibc/install/host_lib --with-libelf=/home/sying/toolchain_ljhui/gcc4_9/build-toolchain/gcc-uclibc/install/host_lib --enable-libgomp --disable-libitm --disable-libsanitizer --enable-poison-system-directories --with-libelf=/home/sying/toolchain_ljhui/gcc4_9/build-toolchain/gcc-uclibc/install/host_lib --with-pkgversion=Hisilicon_v500_20170427 --with-bugurl=http://www.hisilicon.com/cn/service/claim.html
Thread model: posix
gcc version 4.9.4 20150629 (prerelease) (Hisilicon_v500_20170427) 
configure:3228: $? = 0
configure:3217: arm-hisiv500-linux-g++ -V >&5
arm-hisiv500-linux-g++: error: unrecognized command line option '-V'
arm-hisiv500-linux-g++: fatal error: no input files
compilation terminated.
configure:3228: $? = 1
configure:3217: arm-hisiv500-linux-g++ -qversion >&5
arm-hisiv500-linux-g++: error: unrecognized command line option '-qversion'
arm-hisiv500-linux-g++: fatal error: no input files
compilation terminated.
configure:3228: $? = 1
configure:3248: checking whether the C++ compiler works
configure:3270: arm-hisiv500-linux-g++    conftest.cpp  >&5
configure:3274: $? = 0
configure:3322: result: yes
configure:3325: checking for C++ compiler default output file name
configure:3327: result: a.out
configure:3333: checking for suffix of executables
configure:3340: arm-hisiv500-linux-g++ -o conftest    conftest.cpp  >&5
configure:3344: $? = 0
configure:3366: result: 
configure:3388: checking whether we are cross compiling
configure:3396: arm-hisiv500-linux-g++ -o conftest    conftest.cpp  >&5
configure:3400: $? = 0
configure:3407: ./conftest
./configure: line 3409: ./conftest: cannot execute binary file: Exec format error
configure:3411: $? = 126
configure:3426: result: yes
configure:3431: checking for suffix of object files
configure:3453: arm-hisiv500-linux-g++ -c   conftest.cpp >&5
configure:3457: $? = 0
configure:3478: result: o
configure:3482: checking whether we are using the GNU C++ compiler
configure:3501: arm-hisiv500-linux-g++ -c   conftest.cpp >&5
configure:3501: $? = 0
configure:3510: result: yes
configure:3519: checking whether arm-hisiv500-linux-g++ accepts -g
configure:3539: arm-hisiv500-linux-g++ -c -g  conftest.cpp >&5
configure:3539: $? = 0
configure:3580: result: yes
configure:3614: checking for style of include used by make
configure:3642: result: GNU
configure:3667: checking dependency style of arm-hisiv500-linux-g++
configure:3777: result: none
configure:3825: checking for arm-hisiv500-linux-gcc
configure:3852: result: arm-hisiv500-linux-gcc
configure:4121: checking for C compiler version
configure:4130: arm-hisiv500-linux-gcc --version >&5
arm-hisiv500-linux-gcc (Hisilicon_v500_20170427) 4.9.4 20150629 (prerelease)
Copyright (C) 2015 Free Software Foundation, Inc.
This is free software; see the source for copying conditions.  There is NO
warranty; not even for MERCHANTABILITY or FITNESS FOR A PARTICULAR PURPOSE.

configure:4141: $? = 0
configure:4130: arm-hisiv500-linux-gcc -v >&5
Using built-in specs.
COLLECT_GCC=arm-hisiv500-linux-gcc
COLLECT_LTO_WRAPPER=/opt/hisi-linux/x86-arm/arm-hisiv500-linux/bin/../libexec/gcc/arm-hisiv500-linux-uclibcgnueabi/4.9.4/lto-wrapper
Target: arm-hisiv500-linux-uclibcgnueabi
Configured with: ../gcc-linaro-4.9-2015.06/configure --host=x86_64-linux-gnu --build=x86_64-linux-gnu --target=arm-hisiv500-linux-uclibcgnueabi --prefix=/home/sying/toolchain_ljhui/gcc4_9/build-toolchain/gcc-uclibc/install/arm-hisiv500-linux --enable-threads --disable-libmudflap --disable-libssp --disable-libstdcxx-pch --with-arch=armv5te --with-gnu-as --with-gnu-ld --enable-languages=c,c++ --enable-shared --enable-lto --enable-symvers=gnu --enable-__cxa_atexit --enable-nls --enable-clocale=gnu --enable-extra-hisi-multilibs --with-sysroot=/home/sying/toolchain_ljhui/gcc4_9/build-toolchain/gcc-uclibc/install/arm-hisiv500-linux/target --with-build-sysroot=/home/sying/toolchain_ljhui/gcc4_9/build-toolchain/gcc-uclibc/install/arm-hisiv500-linux/target --with-gmp=/home/sying/toolchain_ljhui/gcc4_9/build-toolchain/gcc-uclibc/install/host_lib --with-mpfr=/home/sying/toolchain_ljhui/gcc4_9/build-toolchain/gcc-uclibc/install/host_lib --with-mpc=/home/sying/toolchain_ljhui/gcc4_9/build-toolchain/gcc-uclibc/install/host_lib --with-ppl=/home/sying/toolchain_ljhui/gcc4_9/build-toolchain/gcc-uclibc/install/host_lib --with-cloog=/home/sying/toolchain_ljhui/gcc4_9/build-toolchain/gcc-uclibc/install/host_lib --with-libelf=/home/sying/toolchain_ljhui/gcc4_9/build-toolchain/gcc-uclibc/install/host_lib --enable-libgomp --disable-libitm --disable-libsanitizer --enable-poison-system-directories --with-libelf=/home/sying/toolchain_ljhui/gcc4_9/build-toolchain/gcc-uclibc/install/host_lib --with-pkgversion=Hisilicon_v500_20170427 --with-bugurl=http://www.hisilicon.com/cn/service/claim.html
Thread model: posix
gcc version 4.9.4 20150629 (prerelease) (Hisilicon_v500_20170427) 
configure:4141: $? = 0
configure:4130: arm-hisiv500-linux-gcc -V >&5
arm-hisiv500-linux-gcc: error: unrecognized command line option '-V'
arm-hisiv500-linux-gcc: fatal error: no input files
compilation terminated.
configure:4141: $? = 1
configure:4130: arm-hisiv500-linux-gcc -qversion >&5
arm-hisiv500-linux-gcc: error: unrecognized command line option '-qversion'
arm-hisiv500-linux-gcc: fatal error: no input files
compilation terminated.
configure:4141: $? = 1
configure:4145: checking whether we are using the GNU C compiler
configure:4164: arm-hisiv500-linux-gcc -c   conftest.c >&5
configure:4164: $? = 0
configure:4173: result: yes
configure:4182: checking whether arm-hisiv500-linux-gcc accepts -g
configure:4202: arm-hisiv500-linux-gcc -c -g  conftest.c >&5
configure:4202: $? = 0
configure:4243: result: yes
configure:4260: checking for arm-hisiv500-linux-gcc option to accept ISO C89
configure:4323: arm-hisiv500-linux-gcc  -c -g -O2  conftest.c >&5
configure:4323: $? = 0
configure:4336: result: none needed
configure:4358: checking dependency style of arm-hisiv500-linux-gcc
configure:4468: result: none
configure:4483: checking for a sed that does not truncate output
configure:4547: result: /bin/sed
configure:4565: checking for grep that handles long lines and -e
configure:4623: result: /bin/grep
configure:4628: checking for egrep
configure:4690: result: /bin/grep -E
configure:4695: checking for fgrep
configure:4757: result: /bin/grep -F
configure:4792: checking for ld used by arm-hisiv500-linux-gcc
configure:4859: result: /opt/hisi-linux/x86-arm/arm-hisiv500-linux/arm-hisiv500-linux-uclibcgnueabi/bin/ld
configure:4866: checking if the linker (/opt/hisi-linux/x86-arm/arm-hisiv500-linux/arm-hisiv500-linux-uclibcgnueabi/bin/ld) is GNU ld
configure:4881: result: yes
configure:4893: checking for BSD- or MS-compatible name lister (nm)
configure:4942: result: /opt/hisi-linux/x86-arm/arm-hisiv500-linux/target/bin/arm-hisiv500-linux-nm -B
configure:5060: checking the name lister (/opt/hisi-linux/x86-arm/arm-hisiv500-linux/target/bin/arm-hisiv500-linux-nm -B) interface
configure:5067: arm-hisiv500-linux-gcc -c -g -O2  conftest.c >&5
configure:5070: /opt/hisi-linux/x86-arm/arm-hisiv500-linux/target/bin/arm-hisiv500-linux-nm -B "conftest.o"
configure:5073: output
00000000 B some_variable
configure:5080: result: BSD nm
configure:5083: checking whether ln -s works
configure:5087: result: yes
configure:5095: checking the maximum length of command line arguments
configure:5215: result: 1572864
configure:5232: checking whether the shell understands some XSI constructs
configure:5242: result: yes
configure:5246: checking whether the shell understands "+="
configure:5252: result: yes
configure:5287: checking for /opt/hisi-linux/x86-arm/arm-hisiv500-linux/arm-hisiv500-linux-uclibcgnueabi/bin/ld option to reload object files
configure:5294: result: -r
configure:5323: checking for arm-hisiv500-linux-objdump
configure:5339: found /opt/hisi-linux/x86-arm/arm-hisiv500-linux/target/bin/arm-hisiv500-linux-objdump
configure:5350: result: arm-hisiv500-linux-objdump
configure:5422: checking how to recognize dependent libraries
configure:5618: result: pass_all
configure:5638: checking for arm-hisiv500-linux-ar
configure:5654: found /opt/hisi-linux/x86-arm/arm-hisiv500-linux/target/bin/arm-hisiv500-linux-ar
configure:5665: result: arm-hisiv500-linux-ar
configure:5743: checking for arm-hisiv500-linux-strip
configure:5770: result: arm-hisiv500-linux-strip
configure:5842: checking for arm-hisiv500-linux-ranlib
configure:5858: found /opt/hisi-linux/x86-arm/arm-hisiv500-linux/target/bin/arm-hisiv500-linux-ranlib
configure:5869: result: arm-hisiv500-linux-ranlib
configure:5999: checking command to parse /opt/hisi-linux/x86-arm/arm-hisiv500-linux/target/bin/arm-hisiv500-linux-nm -B output from arm-hisiv500-linux-gcc object
configure:6117: arm-hisiv500-linux-gcc -c -g -O2  conftest.c >&5
configure:6120: $? = 0
configure:6124: /opt/hisi-linux/x86-arm/arm-hisiv500-linux/target/bin/arm-hisiv500-linux-nm -B conftest.o \| sed -n -e 's/^.*[	 ]\([ABCDGIRSTW][ABCDGIRSTW]*\)[	 ][	 ]*\([_A-Za-z][_A-Za-z0-9]*\)$/\1 \2 \2/p' \> conftest.nm
configure:6127: $? = 0
configure:6181: arm-hisiv500-linux-gcc -o conftest -g -O2   conftest.c conftstm.o >&5
configure:6184: $? = 0
configure:6222: result: ok
configure:7031: checking how to run the C preprocessor
configure:7062: arm-hisiv500-linux-gcc -E  conftest.c
configure:7062: $? = 0
configure:7076: arm-hisiv500-linux-gcc -E  conftest.c
conftest.c:11:28: fatal error: ac_nonexistent.h: No such file or directory
 #include <ac_nonexistent.h>
                            ^
compilation terminated.
configure:7076: $? = 1
configure: failed program was:
| /* confdefs.h */
| #define PACKAGE_NAME "MP4v2"
| #define PACKAGE_TARNAME "mp4v2"
| #define PACKAGE_VERSION "-r"
| #define PACKAGE_STRING "MP4v2 -r"
| #define PACKAGE_BUGREPORT "kidjan@gmail.com"
| #define PACKAGE_URL ""
| #define PACKAGE "mp4v2"
| #define VERSION "-r"
| /* end confdefs.h.  */
| #include <ac_nonexistent.h>
configure:7101: result: arm-hisiv500-linux-gcc -E
configure:7121: arm-hisiv500-linux-gcc -E  conftest.c
configure:7121: $? = 0
configure:7135: arm-hisiv500-linux-gcc -E  conftest.c
conftest.c:11:28: fatal error: ac_nonexistent.h: No such file or directory
 #include <ac_nonexistent.h>
                            ^
compilation terminated.
configure:7135: $? = 1
configure: failed program was:
| /* confdefs.h */
| #define PACKAGE_NAME "MP4v2"
| #define PACKAGE_TARNAME "mp4v2"
| #define PACKAGE_VERSION "-r"
| #define PACKAGE_STRING "MP4v2 -r"
| #define PACKAGE_BUGREPORT "kidjan@gmail.com"
| #define PACKAGE_URL ""
| #define PACKAGE "mp4v2"
| #define VERSION "-r"
| /* end confdefs.h.  */
| #include <ac_nonexistent.h>
configure:7164: checking for ANSI C header files
configure:7184: arm-hisiv500-linux-gcc -c -g -O2  conftest.c >&5
configure:7184: $? = 0
configure:7268: result: yes
configure:7281: checking for sys/types.h
configure:7281: arm-hisiv500-linux-gcc -c -g -O2  conftest.c >&5
configure:7281: $? = 0
configure:7281: result: yes
configure:7281: checking for sys/stat.h
configure:7281: arm-hisiv500-linux-gcc -c -g -O2  conftest.c >&5
configure:7281: $? = 0
configure:7281: result: yes
configure:7281: checking for stdlib.h
configure:7281: arm-hisiv500-linux-gcc -c -g -O2  conftest.c >&5
configure:7281: $? = 0
configure:7281: result: yes
configure:7281: checking for string.h
configure:7281: arm-hisiv500-linux-gcc -c -g -O2  conftest.c >&5
configure:7281: $? = 0
configure:7281: result: yes
configure:7281: checking for memory.h
configure:7281: arm-hisiv500-linux-gcc -c -g -O2  conftest.c >&5
configure:7281: $? = 0
configure:7281: result: yes
configure:7281: checking for strings.h
configure:7281: arm-hisiv500-linux-gcc -c -g -O2  conftest.c >&5
configure:7281: $? = 0
configure:7281: result: yes
configure:7281: checking for inttypes.h
configure:7281: arm-hisiv500-linux-gcc -c -g -O2  conftest.c >&5
configure:7281: $? = 0
configure:7281: result: yes
configure:7281: checking for stdint.h
configure:7281: arm-hisiv500-linux-gcc -c -g -O2  conftest.c >&5
configure:7281: $? = 0
configure:7281: result: yes
configure:7281: checking for unistd.h
configure:7281: arm-hisiv500-linux-gcc -c -g -O2  conftest.c >&5
configure:7281: $? = 0
configure:7281: result: yes
configure:7295: checking for dlfcn.h
configure:7295: arm-hisiv500-linux-gcc -c -g -O2  conftest.c >&5
configure:7295: $? = 0
configure:7295: result: yes
configure:7420: checking for C++ compiler version
configure:7429: arm-hisiv500-linux-g++ --version >&5
arm-hisiv500-linux-g++ (Hisilicon_v500_20170427) 4.9.4 20150629 (prerelease)
Copyright (C) 2015 Free Software Foundation, Inc.
This is free software; see the source for copying conditions.  There is NO
warranty; not even for MERCHANTABILITY or FITNESS FOR A PARTICULAR PURPOSE.

configure:7440: $? = 0
configure:7429: arm-hisiv500-linux-g++ -v >&5
Using built-in specs.
COLLECT_GCC=arm-hisiv500-linux-g++
COLLECT_LTO_WRAPPER=/opt/hisi-linux/x86-arm/arm-hisiv500-linux/bin/../libexec/gcc/arm-hisiv500-linux-uclibcgnueabi/4.9.4/lto-wrapper
Target: arm-hisiv500-linux-uclibcgnueabi
Configured with: ../gcc-linaro-4.9-2015.06/configure --host=x86_64-linux-gnu --build=x86_64-linux-gnu --target=arm-hisiv500-linux-uclibcgnueabi --prefix=/home/sying/toolchain_ljhui/gcc4_9/build-toolchain/gcc-uclibc/install/arm-hisiv500-linux --enable-threads --disable-libmudflap --disable-libssp --disable-libstdcxx-pch --with-arch=armv5te --with-gnu-as --with-gnu-ld --enable-languages=c,c++ --enable-shared --enable-lto --enable-symvers=gnu --enable-__cxa_atexit --enable-nls --enable-clocale=gnu --enable-extra-hisi-multilibs --with-sysroot=/home/sying/toolchain_ljhui/gcc4_9/build-toolchain/gcc-uclibc/install/arm-hisiv500-linux/target --with-build-sysroot=/home/sying/toolchain_ljhui/gcc4_9/build-toolchain/gcc-uclibc/install/arm-hisiv500-linux/target --with-gmp=/home/sying/toolchain_ljhui/gcc4_9/build-toolchain/gcc-uclibc/install/host_lib --with-mpfr=/home/sying/toolchain_ljhui/gcc4_9/build-toolchain/gcc-uclibc/install/host_lib --with-mpc=/home/sying/toolchain_ljhui/gcc4_9/build-toolchain/gcc-uclibc/install/host_lib --with-ppl=/home/sying/toolchain_ljhui/gcc4_9/build-toolchain/gcc-uclibc/install/host_lib --with-cloog=/home/sying/toolchain_ljhui/gcc4_9/build-toolchain/gcc-uclibc/install/host_lib --with-libelf=/home/sying/toolchain_ljhui/gcc4_9/build-toolchain/gcc-uclibc/install/host_lib --enable-libgomp --disable-libitm --disable-libsanitizer --enable-poison-system-directories --with-libelf=/home/sying/toolchain_ljhui/gcc4_9/build-toolchain/gcc-uclibc/install/host_lib --with-pkgversion=Hisilicon_v500_20170427 --with-bugurl=http://www.hisilicon.com/cn/service/claim.html
Thread model: posix
gcc version 4.9.4 20150629 (prerelease) (Hisilicon_v500_20170427) 
configure:7440: $? = 0
configure:7429: arm-hisiv500-linux-g++ -V >&5
arm-hisiv500-linux-g++: error: unrecognized command line option '-V'
arm-hisiv500-linux-g++: fatal error: no input files
compilation terminated.
configure:7440: $? = 1
configure:7429: arm-hisiv500-linux-g++ -qversion >&5
arm-hisiv500-linux-g++: error: unrecognized command line option '-qversion'
arm-hisiv500-linux-g++: fatal error: no input files
compilation terminated.
configure:7440: $? = 1
configure:7444: checking whether we are using the GNU C++ compiler
configure:7472: result: yes
configure:7481: checking whether arm-hisiv500-linux-g++ accepts -g
configure:7542: result: yes
configure:7567: checking dependency style of arm-hisiv500-linux-g++
configure:7677: result: none
configure:7700: checking how to run the C++ preprocessor
configure:7727: arm-hisiv500-linux-g++ -E  conftest.cpp
configure:7727: $? = 0
configure:7741: arm-hisiv500-linux-g++ -E  conftest.cpp
conftest.cpp:22:28: fatal error: ac_nonexistent.h: No such file or directory
 #include <ac_nonexistent.h>
                            ^
compilation terminated.
configure:7741: $? = 1
configure: failed program was:
| /* confdefs.h */
| #define PACKAGE_NAME "MP4v2"
| #define PACKAGE_TARNAME "mp4v2"
| #define PACKAGE_VERSION "-r"
| #define PACKAGE_STRING "MP4v2 -r"
| #define PACKAGE_BUGREPORT "kidjan@gmail.com"
| #define PACKAGE_URL ""
| #define PACKAGE "mp4v2"
| #define VERSION "-r"
| #define STDC_HEADERS 1
| #define HAVE_SYS_TYPES_H 1
| #define HAVE_SYS_STAT_H 1
| #define HAVE_STDLIB_H 1
| #define HAVE_STRING_H 1
| #define HAVE_MEMORY_H 1
| #define HAVE_STRINGS_H 1
| #define HAVE_INTTYPES_H 1
| #define HAVE_STDINT_H 1
| #define HAVE_UNISTD_H 1
| #define HAVE_DLFCN_H 1
| /* end confdefs.h.  */
| #include <ac_nonexistent.h>
configure:7766: result: arm-hisiv500-linux-g++ -E
configure:7786: arm-hisiv500-linux-g++ -E  conftest.cpp
configure:7786: $? = 0
configure:7800: arm-hisiv500-linux-g++ -E  conftest.cpp
conftest.cpp:22:28: fatal error: ac_nonexistent.h: No such file or directory
 #include <ac_nonexistent.h>
                            ^
compilation terminated.
configure:7800: $? = 1
configure: failed program was:
| /* confdefs.h */
| #define PACKAGE_NAME "MP4v2"
| #define PACKAGE_TARNAME "mp4v2"
| #define PACKAGE_VERSION "-r"
| #define PACKAGE_STRING "MP4v2 -r"
| #define PACKAGE_BUGREPORT "kidjan@gmail.com"
| #define PACKAGE_URL ""
| #define PACKAGE "mp4v2"
| #define VERSION "-r"
| #define STDC_HEADERS 1
| #define HAVE_SYS_TYPES_H 1
| #define HAVE_SYS_STAT_H 1
| #define HAVE_STDLIB_H 1
| #define HAVE_STRING_H 1
| #define HAVE_MEMORY_H 1
| #define HAVE_STRINGS_H 1
| #define HAVE_INTTYPES_H 1
| #define HAVE_STDINT_H 1
| #define HAVE_UNISTD_H 1
| #define HAVE_DLFCN_H 1
| /* end confdefs.h.  */
| #include <ac_nonexistent.h>
configure:8006: checking for objdir
configure:8021: result: .libs
configure:8313: checking if arm-hisiv500-linux-gcc supports -fno-rtti -fno-exceptions
configure:8331: arm-hisiv500-linux-gcc -c -g -O2  -fno-rtti -fno-exceptions conftest.c >&5
cc1: warning: command line option '-fno-rtti' is valid for C++/ObjC++ but not for C
configure:8335: $? = 0
configure:8348: result: no
configure:8368: checking for arm-hisiv500-linux-gcc option to produce PIC
configure:8640: result: -fPIC -DPIC
configure:8652: checking if arm-hisiv500-linux-gcc PIC flag -fPIC -DPIC works
configure:8670: arm-hisiv500-linux-gcc -c -g -O2  -fPIC -DPIC -DPIC conftest.c >&5
configure:8674: $? = 0
configure:8687: result: yes
configure:8711: checking if arm-hisiv500-linux-gcc static flag -static works
configure:8739: result: yes
configure:8754: checking if arm-hisiv500-linux-gcc supports -c -o file.o
configure:8775: arm-hisiv500-linux-gcc -c -g -O2  -o out/conftest2.o conftest.c >&5
configure:8779: $? = 0
configure:8801: result: yes
configure:8809: checking if arm-hisiv500-linux-gcc supports -c -o file.o
configure:8856: result: yes
configure:8889: checking whether the arm-hisiv500-linux-gcc linker (/opt/hisi-linux/x86-arm/arm-hisiv500-linux/arm-hisiv500-linux-uclibcgnueabi/bin/ld) supports shared libraries
configure:9880: result: yes
configure:9917: checking whether -lc should be explicitly linked in
configure:9922: arm-hisiv500-linux-gcc -c -g -O2  conftest.c >&5
configure:9925: $? = 0
configure:9940: arm-hisiv500-linux-gcc -shared conftest.o  -v -Wl,-soname -Wl,conftest -o conftest 2\>\&1 \| /bin/grep  -lc  \>/dev/null 2\>\&1
configure:9943: $? = 0
configure:9955: result: no
configure:10119: checking dynamic linker characteristics
configure:10552: arm-hisiv500-linux-gcc -o conftest -g -O2   -Wl,-rpath -Wl,/foo conftest.c  >&5
configure:10552: $? = 0
configure:10782: result: GNU/Linux ld.so
configure:10884: checking how to hardcode library paths into programs
configure:10909: result: immediate
configure:11429: checking whether stripping libraries is possible
configure:11434: result: yes
configure:11469: checking if libtool supports shared libraries
configure:11471: result: yes
configure:11474: checking whether to build shared libraries
configure:11495: result: yes
configure:11498: checking whether to build static libraries
configure:11502: result: yes
configure:11652: checking for ld used by arm-hisiv500-linux-g++
configure:11719: result: /opt/hisi-linux/x86-arm/arm-hisiv500-linux/arm-hisiv500-linux-uclibcgnueabi/bin/ld
configure:11726: checking if the linker (/opt/hisi-linux/x86-arm/arm-hisiv500-linux/arm-hisiv500-linux-uclibcgnueabi/bin/ld) is GNU ld
configure:11741: result: yes
configure:11796: checking whether the arm-hisiv500-linux-g++ linker (/opt/hisi-linux/x86-arm/arm-hisiv500-linux/arm-hisiv500-linux-uclibcgnueabi/bin/ld) supports shared libraries
configure:12709: result: yes
configure:12737: arm-hisiv500-linux-g++ -c -g -O2  conftest.cpp >&5
configure:12740: $? = 0
configure:12922: checking for arm-hisiv500-linux-g++ option to produce PIC
configure:13239: result: -fPIC -DPIC
configure:13248: checking if arm-hisiv500-linux-g++ PIC flag -fPIC -DPIC works
configure:13266: arm-hisiv500-linux-g++ -c -g -O2  -fPIC -DPIC -DPIC conftest.cpp >&5
configure:13270: $? = 0
configure:13283: result: yes
configure:13304: checking if arm-hisiv500-linux-g++ static flag -static works
configure:13332: result: yes
configure:13344: checking if arm-hisiv500-linux-g++ supports -c -o file.o
configure:13365: arm-hisiv500-linux-g++ -c -g -O2  -o out/conftest2.o conftest.cpp >&5
configure:13369: $? = 0
configure:13391: result: yes
configure:13396: checking if arm-hisiv500-linux-g++ supports -c -o file.o
configure:13443: result: yes
configure:13473: checking whether the arm-hisiv500-linux-g++ linker (/opt/hisi-linux/x86-arm/arm-hisiv500-linux/arm-hisiv500-linux-uclibcgnueabi/bin/ld) supports shared libraries
configure:13502: result: yes
configure:13639: checking dynamic linker characteristics
configure:14020: arm-hisiv500-linux-g++ -o conftest -g -O2   -Wl,-rpath -Wl,/foo conftest.cpp  >&5
configure:14020: $? = 0
configure:14250: result: GNU/Linux ld.so
configure:14301: checking how to hardcode library paths into programs
configure:14326: result: immediate
configure:14387: checking for help2man
configure:14415: result: no
configure:14428: checking MP4v2 platform portability
configure:14450: result: posix
configure:14614: checking if GCC precompiled-headers should be created
configure:14648: result: no
configure:14717: checking arch flags
configure:14752: result: none
configure:15005: creating ./config.status

## ---------------------- ##
## Running config.status. ##
## ---------------------- ##

This file was extended by MP4v2 config.status -r, which was
generated by GNU Autoconf 2.69.  Invocation command line was

  CONFIG_FILES    = 
  CONFIG_HEADERS  = 
  CONFIG_LINKS    = 
  CONFIG_COMMANDS = 
  $ ./config.status 

on ubuntu

config.status:1166: creating GNUmakefile
config.status:1166: creating include/mp4v2/project.h
config.status:1166: creating project/project.m4
config.status:1166: creating libplatform/config.h
config.status:1395: executing depfiles commands
config.status:1395: executing libtool commands

## ---------------- ##
## Cache variables. ##
## ---------------- ##

ac_cv_build=x86_64-unknown-linux-gnu
ac_cv_c_compiler_gnu=yes
ac_cv_cxx_compiler_gnu=yes
ac_cv_env_CCC_set=
ac_cv_env_CCC_value=
ac_cv_env_CC_set=set
ac_cv_env_CC_value=arm-hisiv500-linux-gcc
ac_cv_env_CFLAGS_set=
ac_cv_env_CFLAGS_value=
ac_cv_env_CPPFLAGS_set=
ac_cv_env_CPPFLAGS_value=
ac_cv_env_CPP_set=
ac_cv_env_CPP_value=
ac_cv_env_CXXCPP_set=
ac_cv_env_CXXCPP_value=
ac_cv_env_CXXFLAGS_set=
ac_cv_env_CXXFLAGS_value=
ac_cv_env_CXX_set=set
ac_cv_env_CXX_value=arm-hisiv500-linux-g++
ac_cv_env_LDFLAGS_set=
ac_cv_env_LDFLAGS_value=
ac_cv_env_LIBS_set=
ac_cv_env_LIBS_value=
ac_cv_env_build_alias_set=
ac_cv_env_build_alias_value=
ac_cv_env_host_alias_set=set
ac_cv_env_host_alias_value=arm-hisiv500-linux
ac_cv_env_target_alias_set=
ac_cv_env_target_alias_value=
ac_cv_header_dlfcn_h=yes
ac_cv_header_inttypes_h=yes
ac_cv_header_memory_h=yes
ac_cv_header_stdc=yes
ac_cv_header_stdint_h=yes
ac_cv_header_stdlib_h=yes
ac_cv_header_string_h=yes
ac_cv_header_strings_h=yes
ac_cv_header_sys_stat_h=yes
ac_cv_header_sys_types_h=yes
ac_cv_header_unistd_h=yes
ac_cv_host=arm-hisiv500-linux-gnu
ac_cv_objext=o
ac_cv_path_EGREP='/bin/grep -E'
ac_cv_path_FGREP='/bin/grep -F'
ac_cv_path_GREP=/bin/grep
ac_cv_path_SED=/bin/sed
ac_cv_path_install='/usr/bin/install -c'
ac_cv_path_mkdir=/bin/mkdir
ac_cv_prog_AR=arm-hisiv500-linux-ar
ac_cv_prog_AWK=mawk
ac_cv_prog_CC=arm-hisiv500-linux-gcc
ac_cv_prog_CPP='arm-hisiv500-linux-gcc -E'
ac_cv_prog_CXXCPP='arm-hisiv500-linux-g++ -E'
ac_cv_prog_FOUND_HELP2MAN=no
ac_cv_prog_OBJDUMP=arm-hisiv500-linux-objdump
ac_cv_prog_RANLIB=arm-hisiv500-linux-ranlib
ac_cv_prog_STRIP=arm-hisiv500-linux-strip
ac_cv_prog_cc_c89=
ac_cv_prog_cc_g=yes
ac_cv_prog_cxx_g=yes
ac_cv_prog_make_make_set=yes
am_cv_CC_dependencies_compiler_type=none
am_cv_CXX_dependencies_compiler_type=none
lt_cv_deplibs_check_method=pass_all
lt_cv_file_magic_cmd='$MAGIC_CMD'
lt_cv_file_magic_test_file=
lt_cv_ld_reload_flag=-r
lt_cv_nm_interface='BSD nm'
lt_cv_objdir=.libs
lt_cv_path_LD=/opt/hisi-linux/x86-arm/arm-hisiv500-linux/arm-hisiv500-linux-uclibcgnueabi/bin/ld
lt_cv_path_LDCXX=/opt/hisi-linux/x86-arm/arm-hisiv500-linux/arm-hisiv500-linux-uclibcgnueabi/bin/ld
lt_cv_path_NM='/opt/hisi-linux/x86-arm/arm-hisiv500-linux/target/bin/arm-hisiv500-linux-nm -B'
lt_cv_prog_compiler_c_o=yes
lt_cv_prog_compiler_c_o_CXX=yes
lt_cv_prog_compiler_pic_works=yes
lt_cv_prog_compiler_pic_works_CXX=yes
lt_cv_prog_compiler_rtti_exceptions=no
lt_cv_prog_compiler_static_works=yes
lt_cv_prog_compiler_static_works_CXX=yes
lt_cv_prog_gnu_ld=yes
lt_cv_prog_gnu_ldcxx=yes
lt_cv_sys_global_symbol_pipe='sed -n -e '\''s/^.*[	 ]\([ABCDGIRSTW][ABCDGIRSTW]*\)[	 ][	 ]*\([_A-Za-z][_A-Za-z0-9]*\)$/\1 \2 \2/p'\'''
lt_cv_sys_global_symbol_to_c_name_address='sed -n -e '\''s/^: \([^ ]*\) $/  {\"\1\", (void *) 0},/p'\'' -e '\''s/^[ABCDGIRSTW]* \([^ ]*\) \([^ ]*\)$/  {"\2", (void *) \&\2},/p'\'''
lt_cv_sys_global_symbol_to_c_name_address_lib_prefix='sed -n -e '\''s/^: \([^ ]*\) $/  {\"\1\", (void *) 0},/p'\'' -e '\''s/^[ABCDGIRSTW]* \([^ ]*\) \(lib[^ ]*\)$/  {"\2", (void *) \&\2},/p'\'' -e '\''s/^[ABCDGIRSTW]* \([^ ]*\) \([^ ]*\)$/  {"lib\2", (void *) \&\2},/p'\'''
lt_cv_sys_global_symbol_to_cdecl='sed -n -e '\''s/^T .* \(.*\)$/extern int \1();/p'\'' -e '\''s/^[ABCDGIRSTW]* .* \(.*\)$/extern char \1;/p'\'''
lt_cv_sys_max_cmd_len=1572864

## ----------------- ##
## Output variables. ##
## ----------------- ##

ACLOCAL='${SHELL} /home/hdx/TSPUB/libs/thirdlib/source/mp4v2-2.1.0/autoaux/missing --run aclocal-1.11'
ADD_MANS_FALSE='#'
ADD_MANS_TRUE=''
ADD_PLATFORM_POSIX_FALSE='#'
ADD_PLATFORM_POSIX_TRUE=''
ADD_PLATFORM_WIN32_FALSE=''
ADD_PLATFORM_WIN32_TRUE='#'
ADD_UTIL_FALSE=''
ADD_UTIL_TRUE='#'
AMDEPBACKSLASH=''
AMDEP_FALSE=''
AMDEP_TRUE='#'
AMTAR='${SHELL} /home/hdx/TSPUB/libs/thirdlib/source/mp4v2-2.1.0/autoaux/missing --run tar'
AR='arm-hisiv500-linux-ar'
AUTOCONF='${SHELL} /home/hdx/TSPUB/libs/thirdlib/source/mp4v2-2.1.0/autoaux/missing --run autoconf'
AUTOHEADER='${SHELL} /home/hdx/TSPUB/libs/thirdlib/source/mp4v2-2.1.0/autoaux/missing --run autoheader'
AUTOMAKE='${SHELL} /home/hdx/TSPUB/libs/thirdlib/source/mp4v2-2.1.0/autoaux/missing --run automake-1.11'
AWK='mawk'
CC='arm-hisiv500-linux-gcc'
CCDEPMODE='depmode=none'
CFLAGS=''
CPP='arm-hisiv500-linux-gcc -E'
CPPFLAGS=''
CXX='arm-hisiv500-linux-g++'
CXXCPP='arm-hisiv500-linux-g++ -E'
CXXDEPMODE='depmode=none'
CXXFLAGS=''
CYGPATH_W='echo'
DEFS='-DHAVE_CONFIG_H'
DEPDIR='.deps'
DSYMUTIL=''
DUMPBIN=''
ECHO_C=''
ECHO_N='-n'
ECHO_T=''
EGREP='/bin/grep -E'
EXEEXT=''
FGREP='/bin/grep -F'
FOUND_HELP2MAN='no'
GREP='/bin/grep'
INSTALL_DATA='${INSTALL} -m 644'
INSTALL_PROGRAM='${INSTALL}'
INSTALL_SCRIPT='${INSTALL}'
INSTALL_STRIP_PROGRAM='$(install_sh) -c -s'
LD='/opt/hisi-linux/x86-arm/arm-hisiv500-linux/arm-hisiv500-linux-uclibcgnueabi/bin/ld'
LDFLAGS=''
LIBOBJS=''
LIBS=''
LIBTOOL='$(SHELL) $(top_builddir)/libtool'
LIPO=''
LN_S='ln -s'
LTLIBOBJS=''
MAKEINFO='${SHELL} /home/hdx/TSPUB/libs/thirdlib/source/mp4v2-2.1.0/autoaux/missing --run makeinfo'
MKDIR_P='/bin/mkdir -p'
NM='/opt/hisi-linux/x86-arm/arm-hisiv500-linux/target/bin/arm-hisiv500-linux-nm -B'
NMEDIT=''
OBJDUMP='arm-hisiv500-linux-objdump'
OBJEXT='o'
OTOOL64=''
OTOOL=''
PACKAGE='mp4v2'
PACKAGE_BUGREPORT='kidjan@gmail.com'
PACKAGE_NAME='MP4v2'
PACKAGE_STRING='MP4v2 -r'
PACKAGE_TARNAME='mp4v2'
PACKAGE_URL=''
PACKAGE_VERSION='-r'
PATH_SEPARATOR=':'
PROJECT_bugreport='<kidjan@gmail.com>'
PROJECT_build='Mon Oct  8 10:55:13 CST 2018'
PROJECT_irc='irc://irc.freenode.net/handbrake'
PROJECT_name='MP4v2'
PROJECT_name_formal='MP4v2 -r'
PROJECT_name_lower='mp4v2'
PROJECT_name_upper='MP4V2'
PROJECT_repo_branch='unknown'
PROJECT_repo_date='unknown'
PROJECT_repo_rev='0'
PROJECT_repo_root='svn://nowhere.com/project'
PROJECT_repo_type='developer'
PROJECT_repo_url='svn://nowhere.com/project/unknown'
PROJECT_repo_uuid='00000000-0000-0000-0000-000000000000'
PROJECT_url_discussion='http://groups.google.com/group/mp4v2'
PROJECT_url_downloads='http://code.google.com/p/mp4v2/downloads/list'
PROJECT_url_website='http://code.google.com/p/mp4v2'
PROJECT_version='-r'
PROJECT_version_hex='0x00020100'
PROJECT_version_major='2'
PROJECT_version_minor='1'
PROJECT_version_point='0'
RANLIB='arm-hisiv500-linux-ranlib'
SED='/bin/sed'
SET_MAKE=''
SHELL='/bin/sh'
STRIP='arm-hisiv500-linux-strip'
VERSION='-r'
X_CXX_ARCH=''
X_CXX_D=''
X_CXX_I=''
X_CXX_W=''
X_GCH='0'
X_GCH_FLAGS=''
X_GCH_SHARED='0'
X_GCH_SHARED_FLAGS=' -fPIC -DPIC'
X_GCH_STATIC='0'
X_GCH_STATIC_FLAGS='-static'
X_MINGW_LIBS=''
X_libmp4v2_la_LDFLAGS=''
ac_ct_CC=''
ac_ct_CXX=''
ac_ct_DUMPBIN=''
am__EXEEXT_FALSE=''
am__EXEEXT_TRUE='#'
am__fastdepCC_FALSE=''
am__fastdepCC_TRUE='#'
am__fastdepCXX_FALSE=''
am__fastdepCXX_TRUE='#'
am__include='include'
am__isrc=''
am__leading_dot='.'
am__quote=''
am__tar='${AMTAR} chof - "$$tardir"'
am__untar='${AMTAR} xf -'
bindir='${exec_prefix}/bin'
build='x86_64-unknown-linux-gnu'
build_alias=''
build_cpu='x86_64'
build_os='linux-gnu'
build_vendor='unknown'
datadir='${datarootdir}'
datarootdir='${prefix}/share'
docdir='${datarootdir}/doc/${PACKAGE_TARNAME}'
dvidir='${docdir}'
exec_prefix='${prefix}'
host='arm-hisiv500-linux-gnu'
host_alias='arm-hisiv500-linux'
host_cpu='arm'
host_os='linux-gnu'
host_vendor='hisiv500'
htmldir='${docdir}'
includedir='${prefix}/include'
infodir='${datarootdir}/info'
install_sh='${SHELL} /home/hdx/TSPUB/libs/thirdlib/source/mp4v2-2.1.0/autoaux/install-sh'
libdir='${exec_prefix}/lib'
libexecdir='${exec_prefix}/libexec'
localedir='${datarootdir}/locale'
localstatedir='${prefix}/var'
lt_ECHO='echo'
mandir='${datarootdir}/man'
mkdir_p='/bin/mkdir -p'
oldincludedir='/usr/include'
pdfdir='${docdir}'
prefix='/home/hdx/TSPUB/libs/thirdlib/source/mp4v2-2.1.0/_install'
program_transform_name='s,x,x,'
psdir='${docdir}'
sbindir='${exec_prefix}/sbin'
sharedstatedir='${prefix}/com'
sysconfdir='${prefix}/etc'
target_alias=''

## ----------- ##
## confdefs.h. ##
## ----------- ##

/* confdefs.h */
#define PACKAGE_NAME "MP4v2"
#define PACKAGE_TARNAME "mp4v2"
#define PACKAGE_VERSION "-r"
#define PACKAGE_STRING "MP4v2 -r"
#define PACKAGE_BUGREPORT "kidjan@gmail.com"
#define PACKAGE_URL ""
#define PACKAGE "mp4v2"
#define VERSION "-r"
#define STDC_HEADERS 1
#define HAVE_SYS_TYPES_H 1
#define HAVE_SYS_STAT_H 1
#define HAVE_STDLIB_H 1
#define HAVE_STRING_H 1
#define HAVE_MEMORY_H 1
#define HAVE_STRINGS_H 1
#define HAVE_INTTYPES_H 1
#define HAVE_STDINT_H 1
#define HAVE_UNISTD_H 1
#define HAVE_DLFCN_H 1
#define LT_OBJDIR ".libs/"

configure: exit 0
